2025-10-13: Linear Regression
2025-10-13: Ridge Regression
2025-10-13: Lasso Regression
2025-10-13: Elastic Net
2025-10-13: Polynomial Regression
2025-10-13: Logistic Regression
2025-10-13: Multinomial Logistic Regression
2025-10-13: Ordinal Logistic Regression
2025-10-13: Stepwise Regression
2025-10-13: Bayesian Linear Regression
2025-10-13: Gaussian Process Regression
2025-10-13: Support Vector Regression
2025-10-13: Linear Regression
2025-10-13: Ridge Regression
2025-10-13: Lasso Regression
2025-10-13: Elastic Net
2025-10-13: Polynomial Regression
2025-10-13: Logistic Regression
2025-10-13: Multinomial Logistic Regression
2025-10-13: Ordinal Logistic Regression
2025-10-13: Stepwise Regression
2025-10-13: Bayesian Linear Regression
2025-10-13: Gaussian Process Regression
2025-10-13: Support Vector Regression
2025-10-14: Linear Regression
2025-10-14: Ridge Regression
2025-10-14: Lasso Regression
2025-10-14: Elastic Net
2025-10-14: Polynomial Regression
2025-10-14: Logistic Regression
2025-10-14: Multinomial Logistic Regression
2025-10-14: Ordinal Logistic Regression
2025-10-14: Stepwise Regression
2025-10-14: Bayesian Linear Regression
2025-10-14: Gaussian Process Regression
