2025-10-13T12:43:13+05:00 [INFO] (codacy-cli-v2/cli-v2.go:27) Starting Codacy CLI version=1.0.0-main.358.sha.7cb05d0 (7cb05d0) built at 2025-09-19T09:27:42Z
2025-10-13T12:43:13+05:00 [INFO] (codacy-cli-v2/cli-v2.go:55) No configuration file was found, execute init command first.
2025-10-13T13:02:52+05:00 [INFO] (codacy-cli-v2/cli-v2.go:27) Starting Codacy CLI version=1.0.0-main.358.sha.7cb05d0 (7cb05d0) built at 2025-09-19T09:27:42Z
2025-10-13T13:02:52+05:00 [INFO] (codacy-cli-v2/cmd/root.go:34) Executing CLI command args=[] command=init full_command=[/home/mentee/.cache/codacy/codacy-cli-v2/1.0.0-main.358.sha.7cb05d0/codacy-cli-v2 init]
2025-10-13T13:03:09+05:00 [INFO] (codacy-cli-v2/cli-v2.go:27) Starting Codacy CLI version=1.0.0-main.358.sha.7cb05d0 (7cb05d0) built at 2025-09-19T09:27:42Z
2025-10-13T13:03:10+05:00 [INFO] (codacy-cli-v2/cmd/root.go:34) Executing CLI command command=analyze full_command=[/home/mentee/.cache/codacy/codacy-cli-v2/1.0.0-main.358.sha.7cb05d0/codacy-cli-v2 analyze /mnt/h/Code/MENTEE/ GITHUB/ CONTRIBUTION/ML-METHODS/.github/workflows/daily.yml --format sarif] args=[/mnt/h/Code/MENTEE/ GITHUB/ CONTRIBUTION/ML-METHODS/.github/workflows/daily.yml]
2025-10-13T13:03:10+05:00 [ERROR] (codacy-cli-v2/cmd/analyze.go:449) Analysis failed because path does not exist path=GITHUB/
2025-10-13T13:03:21+05:00 [INFO] (codacy-cli-v2/cli-v2.go:27) Starting Codacy CLI version=1.0.0-main.358.sha.7cb05d0 (7cb05d0) built at 2025-09-19T09:27:42Z
2025-10-13T13:03:21+05:00 [INFO] (codacy-cli-v2/cmd/root.go:34) Executing CLI command full_command=[/home/mentee/.cache/codacy/codacy-cli-v2/1.0.0-main.358.sha.7cb05d0/codacy-cli-v2 install] args=[] command=install
2025-10-13T13:03:21+05:00 [INFO] (codacy-cli-v2/cmd/install.go:72) All components are already installed
2025-10-13T13:03:21+05:00 [INFO] (codacy-cli-v2/cli-v2.go:27) Starting Codacy CLI version=1.0.0-main.358.sha.7cb05d0 (7cb05d0) built at 2025-09-19T09:27:42Z
2025-10-13T13:03:28+05:00 [INFO] (codacy-cli-v2/cli-v2.go:27) Starting Codacy CLI version=1.0.0-main.358.sha.7cb05d0 (7cb05d0) built at 2025-09-19T09:27:42Z
2025-10-13T13:03:28+05:00 [INFO] (codacy-cli-v2/cmd/root.go:34) Executing CLI command command=analyze full_command=[/home/mentee/.cache/codacy/codacy-cli-v2/1.0.0-main.358.sha.7cb05d0/codacy-cli-v2 analyze /mnt/h/Code/MENTEE/ GITHUB/ CONTRIBUTION/ML-METHODS/.codacy/tools-configs/trivy.yaml --format sarif] args=[/mnt/h/Code/MENTEE/ GITHUB/ CONTRIBUTION/ML-METHODS/.codacy/tools-configs/trivy.yaml]
2025-10-13T13:03:28+05:00 [ERROR] (codacy-cli-v2/cmd/analyze.go:449) Analysis failed because path does not exist path=GITHUB/
2025-10-13T13:06:39+05:00 [INFO] (codacy-cli-v2/cli-v2.go:27) Starting Codacy CLI version=1.0.0-main.358.sha.7cb05d0 (7cb05d0) built at 2025-09-19T09:27:42Z
2025-10-13T13:06:39+05:00 [INFO] (codacy-cli-v2/cmd/root.go:34) Executing CLI command args=[/mnt/h/Code/MENTEE/ GITHUB/ CONTRIBUTION/ML-METHODS/commit_if_pixel_day.py] command=analyze full_command=[/home/mentee/.cache/codacy/codacy-cli-v2/1.0.0-main.358.sha.7cb05d0/codacy-cli-v2 analyze /mnt/h/Code/MENTEE/ GITHUB/ CONTRIBUTION/ML-METHODS/commit_if_pixel_day.py --format sarif]
2025-10-13T13:06:39+05:00 [ERROR] (codacy-cli-v2/cmd/analyze.go:449) Analysis failed because path does not exist path=GITHUB/
2025-10-13T13:08:25+05:00 [INFO] (codacy-cli-v2/cli-v2.go:27) Starting Codacy CLI version=1.0.0-main.358.sha.7cb05d0 (7cb05d0) built at 2025-09-19T09:27:42Z
2025-10-13T13:08:25+05:00 [INFO] (codacy-cli-v2/cmd/root.go:34) Executing CLI command command=analyze full_command=[/home/mentee/.cache/codacy/codacy-cli-v2/1.0.0-main.358.sha.7cb05d0/codacy-cli-v2 analyze /mnt/h/Code/MENTEE/ GITHUB/ CONTRIBUTION/ML-METHODS/1760342897662-commit_if_pixel_day.py --format sarif] args=[/mnt/h/Code/MENTEE/ GITHUB/ CONTRIBUTION/ML-METHODS/1760342897662-commit_if_pixel_day.py]
2025-10-13T13:08:25+05:00 [ERROR] (codacy-cli-v2/cmd/analyze.go:449) Analysis failed because path does not exist path=GITHUB/
2025-10-13T13:08:58+05:00 [INFO] (codacy-cli-v2/cli-v2.go:27) Starting Codacy CLI version=1.0.0-main.358.sha.7cb05d0 (7cb05d0) built at 2025-09-19T09:27:42Z
2025-10-13T13:08:58+05:00 [INFO] (codacy-cli-v2/cmd/root.go:34) Executing CLI command args=[/mnt/h/Code/MENTEE/ GITHUB/ CONTRIBUTION/ML-METHODS/1760342933265-commit_if_pixel_day.py] command=analyze full_command=[/home/mentee/.cache/codacy/codacy-cli-v2/1.0.0-main.358.sha.7cb05d0/codacy-cli-v2 analyze /mnt/h/Code/MENTEE/ GITHUB/ CONTRIBUTION/ML-METHODS/1760342933265-commit_if_pixel_day.py --format sarif]
2025-10-13T13:08:58+05:00 [ERROR] (codacy-cli-v2/cmd/analyze.go:449) Analysis failed because path does not exist path=GITHUB/
2025-10-13T13:09:00+05:00 [INFO] (codacy-cli-v2/cli-v2.go:27) Starting Codacy CLI version=1.0.0-main.358.sha.7cb05d0 (7cb05d0) built at 2025-09-19T09:27:42Z
2025-10-13T13:09:00+05:00 [INFO] (codacy-cli-v2/cmd/root.go:34) Executing CLI command command=analyze full_command=[/home/mentee/.cache/codacy/codacy-cli-v2/1.0.0-main.358.sha.7cb05d0/codacy-cli-v2 analyze /mnt/h/Code/MENTEE/ GITHUB/ CONTRIBUTION/ML-METHODS/1760342939756-commit_if_pixel_day.py --format sarif] args=[/mnt/h/Code/MENTEE/ GITHUB/ CONTRIBUTION/ML-METHODS/1760342939756-commit_if_pixel_day.py]
2025-10-13T13:09:00+05:00 [ERROR] (codacy-cli-v2/cmd/analyze.go:449) Analysis failed because path does not exist path=GITHUB/
2025-10-13T13:09:08+05:00 [INFO] (codacy-cli-v2/cli-v2.go:27) Starting Codacy CLI version=1.0.0-main.358.sha.7cb05d0 (7cb05d0) built at 2025-09-19T09:27:42Z
2025-10-13T13:09:08+05:00 [INFO] (codacy-cli-v2/cmd/root.go:34) Executing CLI command command=analyze full_command=[/home/mentee/.cache/codacy/codacy-cli-v2/1.0.0-main.358.sha.7cb05d0/codacy-cli-v2 analyze /mnt/h/Code/MENTEE/ GITHUB/ CONTRIBUTION/ML-METHODS/1760342948234-commit_if_pixel_day.py --format sarif] args=[/mnt/h/Code/MENTEE/ GITHUB/ CONTRIBUTION/ML-METHODS/1760342948234-commit_if_pixel_day.py]
2025-10-13T13:09:08+05:00 [ERROR] (codacy-cli-v2/cmd/analyze.go:449) Analysis failed because path does not exist path=GITHUB/
2025-10-13T13:09:13+05:00 [INFO] (codacy-cli-v2/cli-v2.go:27) Starting Codacy CLI version=1.0.0-main.358.sha.7cb05d0 (7cb05d0) built at 2025-09-19T09:27:42Z
2025-10-13T13:09:13+05:00 [INFO] (codacy-cli-v2/cmd/root.go:34) Executing CLI command command=analyze full_command=[/home/mentee/.cache/codacy/codacy-cli-v2/1.0.0-main.358.sha.7cb05d0/codacy-cli-v2 analyze /mnt/h/Code/MENTEE/ GITHUB/ CONTRIBUTION/ML-METHODS/commit_if_pixel_day.py --format sarif] args=[/mnt/h/Code/MENTEE/ GITHUB/ CONTRIBUTION/ML-METHODS/commit_if_pixel_day.py]
2025-10-13T13:09:13+05:00 [ERROR] (codacy-cli-v2/cmd/analyze.go:449) Analysis failed because path does not exist path=GITHUB/
2025-10-13T13:09:24+05:00 [INFO] (codacy-cli-v2/cli-v2.go:27) Starting Codacy CLI version=1.0.0-main.358.sha.7cb05d0 (7cb05d0) built at 2025-09-19T09:27:42Z
2025-10-13T13:09:24+05:00 [INFO] (codacy-cli-v2/cmd/root.go:34) Executing CLI command args=[/mnt/h/Code/MENTEE/ GITHUB/ CONTRIBUTION/ML-METHODS/commit_if_pixel_day.py] command=analyze full_command=[/home/mentee/.cache/codacy/codacy-cli-v2/1.0.0-main.358.sha.7cb05d0/codacy-cli-v2 analyze /mnt/h/Code/MENTEE/ GITHUB/ CONTRIBUTION/ML-METHODS/commit_if_pixel_day.py --format sarif]
2025-10-13T13:09:24+05:00 [ERROR] (codacy-cli-v2/cmd/analyze.go:449) Analysis failed because path does not exist path=GITHUB/
2025-10-13T13:10:53+05:00 [INFO] (codacy-cli-v2/cli-v2.go:27) Starting Codacy CLI version=1.0.0-main.358.sha.7cb05d0 (7cb05d0) built at 2025-09-19T09:27:42Z
2025-10-13T13:10:53+05:00 [INFO] (codacy-cli-v2/cmd/root.go:34) Executing CLI command args=[/mnt/h/Code/MENTEE/ GITHUB/ CONTRIBUTION/ML-METHODS/commit_if_pixel_day.py] command=analyze full_command=[/home/mentee/.cache/codacy/codacy-cli-v2/1.0.0-main.358.sha.7cb05d0/codacy-cli-v2 analyze /mnt/h/Code/MENTEE/ GITHUB/ CONTRIBUTION/ML-METHODS/commit_if_pixel_day.py --format sarif]
2025-10-13T13:10:53+05:00 [ERROR] (codacy-cli-v2/cmd/analyze.go:449) Analysis failed because path does not exist path=GITHUB/
2025-10-13T13:10:53+05:00 [INFO] (codacy-cli-v2/cli-v2.go:27) Starting Codacy CLI version=1.0.0-main.358.sha.7cb05d0 (7cb05d0) built at 2025-09-19T09:27:42Z
2025-10-13T13:10:53+05:00 [INFO] (codacy-cli-v2/cmd/root.go:34) Executing CLI command command=analyze full_command=[/home/mentee/.cache/codacy/codacy-cli-v2/1.0.0-main.358.sha.7cb05d0/codacy-cli-v2 analyze /mnt/h/Code/MENTEE/ GITHUB/ CONTRIBUTION/ML-METHODS/pixel_days.json --format sarif] args=[/mnt/h/Code/MENTEE/ GITHUB/ CONTRIBUTION/ML-METHODS/pixel_days.json]
2025-10-13T13:10:53+05:00 [ERROR] (codacy-cli-v2/cmd/analyze.go:449) Analysis failed because path does not exist path=GITHUB/
2025-10-13T13:12:55+05:00 [INFO] (codacy-cli-v2/cli-v2.go:27) Starting Codacy CLI version=1.0.0-main.358.sha.7cb05d0 (7cb05d0) built at 2025-09-19T09:27:42Z
2025-10-13T13:12:55+05:00 [INFO] (codacy-cli-v2/cmd/root.go:34) Executing CLI command args=[/mnt/h/Code/MENTEE/ GITHUB/ CONTRIBUTION/ML-METHODS/.github/workflows/daily.yml] command=analyze full_command=[/home/mentee/.cache/codacy/codacy-cli-v2/1.0.0-main.358.sha.7cb05d0/codacy-cli-v2 analyze /mnt/h/Code/MENTEE/ GITHUB/ CONTRIBUTION/ML-METHODS/.github/workflows/daily.yml --format sarif]
2025-10-13T13:12:55+05:00 [ERROR] (codacy-cli-v2/cmd/analyze.go:449) Analysis failed because path does not exist path=GITHUB/
2025-10-13T13:14:22+05:00 [INFO] (codacy-cli-v2/cli-v2.go:27) Starting Codacy CLI version=1.0.0-main.358.sha.7cb05d0 (7cb05d0) built at 2025-09-19T09:27:42Z
2025-10-13T13:14:22+05:00 [INFO] (codacy-cli-v2/cmd/root.go:34) Executing CLI command command=analyze full_command=[/home/mentee/.cache/codacy/codacy-cli-v2/1.0.0-main.358.sha.7cb05d0/codacy-cli-v2 analyze /mnt/h/Code/MENTEE/ GITHUB/ CONTRIBUTION/ML-METHODS/pixel_days.json --format sarif] args=[/mnt/h/Code/MENTEE/ GITHUB/ CONTRIBUTION/ML-METHODS/pixel_days.json]
2025-10-13T13:14:22+05:00 [ERROR] (codacy-cli-v2/cmd/analyze.go:449) Analysis failed because path does not exist path=GITHUB/
2025-10-13T13:15:55+05:00 [INFO] (codacy-cli-v2/cli-v2.go:27) Starting Codacy CLI version=1.0.0-main.358.sha.7cb05d0 (7cb05d0) built at 2025-09-19T09:27:42Z
2025-10-13T13:15:55+05:00 [INFO] (codacy-cli-v2/cmd/root.go:34) Executing CLI command command=analyze full_command=[/home/mentee/.cache/codacy/codacy-cli-v2/1.0.0-main.358.sha.7cb05d0/codacy-cli-v2 analyze /mnt/h/Code/MENTEE/ GITHUB/ CONTRIBUTION/ML-METHODS/ml_methods.txt --format sarif] args=[/mnt/h/Code/MENTEE/ GITHUB/ CONTRIBUTION/ML-METHODS/ml_methods.txt]
2025-10-13T13:15:55+05:00 [ERROR] (codacy-cli-v2/cmd/analyze.go:449) Analysis failed because path does not exist path=GITHUB/
2025-10-13T13:16:46+05:00 [INFO] (codacy-cli-v2/cli-v2.go:27) Starting Codacy CLI version=1.0.0-main.358.sha.7cb05d0 (7cb05d0) built at 2025-09-19T09:27:42Z
2025-10-13T13:16:46+05:00 [INFO] (codacy-cli-v2/cmd/root.go:34) Executing CLI command command=analyze full_command=[/home/mentee/.cache/codacy/codacy-cli-v2/1.0.0-main.358.sha.7cb05d0/codacy-cli-v2 analyze /mnt/h/Code/MENTEE/ GITHUB/ CONTRIBUTION/ML-METHODS/.github/workflows/daily.yml --format sarif] args=[/mnt/h/Code/MENTEE/ GITHUB/ CONTRIBUTION/ML-METHODS/.github/workflows/daily.yml]
2025-10-13T13:16:46+05:00 [ERROR] (codacy-cli-v2/cmd/analyze.go:449) Analysis failed because path does not exist path=GITHUB/
2025-10-13T13:23:07+05:00 [INFO] (codacy-cli-v2/cli-v2.go:27) Starting Codacy CLI version=1.0.0-main.358.sha.7cb05d0 (7cb05d0) built at 2025-09-19T09:27:42Z
2025-10-13T13:23:07+05:00 [INFO] (codacy-cli-v2/cli-v2.go:27) Starting Codacy CLI version=1.0.0-main.358.sha.7cb05d0 (7cb05d0) built at 2025-09-19T09:27:42Z
2025-10-13T13:23:07+05:00 [INFO] (codacy-cli-v2/cli-v2.go:27) Starting Codacy CLI version=1.0.0-main.358.sha.7cb05d0 (7cb05d0) built at 2025-09-19T09:27:42Z
2025-10-13T13:23:07+05:00 [ERROR] (codacy-cli-v2/cli-v2.go:58) Configuration error error=failed to update codacy.yaml with tool lizard: error parsing codacy.yaml: yaml: line 4: could not find expected ':'
2025-10-13T13:23:07+05:00 [INFO] (codacy-cli-v2/cmd/root.go:34) Executing CLI command command=analyze full_command=[/home/mentee/.cache/codacy/codacy-cli-v2/1.0.0-main.358.sha.7cb05d0/codacy-cli-v2 analyze /mnt/h/Code/MENTEE/ GITHUB/ CONTRIBUTION/ML-METHODS/TYPESANIA/commit_if_pixel_day.py --format sarif] args=[/mnt/h/Code/MENTEE/ GITHUB/ CONTRIBUTION/ML-METHODS/TYPESANIA/commit_if_pixel_day.py]
2025-10-13T13:23:07+05:00 [ERROR] (codacy-cli-v2/cmd/analyze.go:449) Analysis failed because path does not exist path=GITHUB/
2025-10-13T13:23:11+05:00 [INFO] (codacy-cli-v2/cli-v2.go:27) Starting Codacy CLI version=1.0.0-main.358.sha.7cb05d0 (7cb05d0) built at 2025-09-19T09:27:42Z
2025-10-13T13:23:11+05:00 [INFO] (codacy-cli-v2/cmd/root.go:34) Executing CLI command args=[/mnt/h/Code/MENTEE/ GITHUB/ CONTRIBUTION/ML-METHODS/generate_future_pixel_days.py] command=analyze full_command=[/home/mentee/.cache/codacy/codacy-cli-v2/1.0.0-main.358.sha.7cb05d0/codacy-cli-v2 analyze /mnt/h/Code/MENTEE/ GITHUB/ CONTRIBUTION/ML-METHODS/generate_future_pixel_days.py --format sarif]
2025-10-13T13:23:11+05:00 [ERROR] (codacy-cli-v2/cmd/analyze.go:449) Analysis failed because path does not exist path=GITHUB/
2025-10-13T13:23:13+05:00 [INFO] (codacy-cli-v2/cli-v2.go:27) Starting Codacy CLI version=1.0.0-main.358.sha.7cb05d0 (7cb05d0) built at 2025-09-19T09:27:42Z
2025-10-13T13:23:14+05:00 [INFO] (codacy-cli-v2/cli-v2.go:27) Starting Codacy CLI version=1.0.0-main.358.sha.7cb05d0 (7cb05d0) built at 2025-09-19T09:27:42Z
2025-10-13T13:23:14+05:00 [INFO] (codacy-cli-v2/cmd/root.go:34) Executing CLI command command=analyze full_command=[/home/mentee/.cache/codacy/codacy-cli-v2/1.0.0-main.358.sha.7cb05d0/codacy-cli-v2 analyze /mnt/h/Code/MENTEE/ GITHUB/ CONTRIBUTION/ML-METHODS/TYPESANIA/generate_future_pixel_days.py --format sarif] args=[/mnt/h/Code/MENTEE/ GITHUB/ CONTRIBUTION/ML-METHODS/TYPESANIA/generate_future_pixel_days.py]
2025-10-13T13:23:14+05:00 [ERROR] (codacy-cli-v2/cmd/analyze.go:449) Analysis failed because path does not exist path=GITHUB/
2025-10-13T13:23:43+05:00 [INFO] (codacy-cli-v2/cli-v2.go:27) Starting Codacy CLI version=1.0.0-main.358.sha.7cb05d0 (7cb05d0) built at 2025-09-19T09:27:42Z
2025-10-13T13:23:43+05:00 [INFO] (codacy-cli-v2/cli-v2.go:27) Starting Codacy CLI version=1.0.0-main.358.sha.7cb05d0 (7cb05d0) built at 2025-09-19T09:27:42Z
2025-10-13T13:23:43+05:00 [INFO] (codacy-cli-v2/cmd/root.go:34) Executing CLI command command=analyze full_command=[/home/mentee/.cache/codacy/codacy-cli-v2/1.0.0-main.358.sha.7cb05d0/codacy-cli-v2 analyze /mnt/h/Code/MENTEE/ GITHUB/ CONTRIBUTION/ML-METHODS/TYPESANIA/.github/workflows/daily.yml --format sarif] args=[/mnt/h/Code/MENTEE/ GITHUB/ CONTRIBUTION/ML-METHODS/TYPESANIA/.github/workflows/daily.yml]
2025-10-13T13:23:43+05:00 [ERROR] (codacy-cli-v2/cmd/analyze.go:449) Analysis failed because path does not exist path=GITHUB/
2025-10-13T13:23:51+05:00 [INFO] (codacy-cli-v2/cli-v2.go:27) Starting Codacy CLI version=1.0.0-main.358.sha.7cb05d0 (7cb05d0) built at 2025-09-19T09:27:42Z
2025-10-13T13:23:51+05:00 [INFO] (codacy-cli-v2/cmd/root.go:34) Executing CLI command args=[/mnt/h/Code/MENTEE/ GITHUB/ CONTRIBUTION/ML-METHODS/TYPESANIA/.github/workflows/1760343830919-daily.yml] command=analyze full_command=[/home/mentee/.cache/codacy/codacy-cli-v2/1.0.0-main.358.sha.7cb05d0/codacy-cli-v2 analyze /mnt/h/Code/MENTEE/ GITHUB/ CONTRIBUTION/ML-METHODS/TYPESANIA/.github/workflows/1760343830919-daily.yml --format sarif]
2025-10-13T13:23:51+05:00 [ERROR] (codacy-cli-v2/cmd/analyze.go:449) Analysis failed because path does not exist path=GITHUB/
2025-10-13T13:23:59+05:00 [INFO] (codacy-cli-v2/cli-v2.go:27) Starting Codacy CLI version=1.0.0-main.358.sha.7cb05d0 (7cb05d0) built at 2025-09-19T09:27:42Z
2025-10-13T13:23:59+05:00 [INFO] (codacy-cli-v2/cmd/root.go:34) Executing CLI command args=[/mnt/h/Code/MENTEE/ GITHUB/ CONTRIBUTION/ML-METHODS/TYPESANIA/.github/workflows/daily.yml] command=analyze full_command=[/home/mentee/.cache/codacy/codacy-cli-v2/1.0.0-main.358.sha.7cb05d0/codacy-cli-v2 analyze /mnt/h/Code/MENTEE/ GITHUB/ CONTRIBUTION/ML-METHODS/TYPESANIA/.github/workflows/daily.yml --format sarif]
2025-10-13T13:23:59+05:00 [ERROR] (codacy-cli-v2/cmd/analyze.go:449) Analysis failed because path does not exist path=GITHUB/
2025-10-13T13:24:08+05:00 [INFO] (codacy-cli-v2/cli-v2.go:27) Starting Codacy CLI version=1.0.0-main.358.sha.7cb05d0 (7cb05d0) built at 2025-09-19T09:27:42Z
2025-10-13T13:24:08+05:00 [INFO] (codacy-cli-v2/cmd/root.go:34) Executing CLI command command=analyze full_command=[/home/mentee/.cache/codacy/codacy-cli-v2/1.0.0-main.358.sha.7cb05d0/codacy-cli-v2 analyze /mnt/h/Code/MENTEE/ GITHUB/ CONTRIBUTION/ML-METHODS/1760343848105-.gitignore --format sarif] args=[/mnt/h/Code/MENTEE/ GITHUB/ CONTRIBUTION/ML-METHODS/1760343848105-.gitignore]
2025-10-13T13:24:08+05:00 [ERROR] (codacy-cli-v2/cmd/analyze.go:449) Analysis failed because path does not exist path=GITHUB/
2025-10-13T13:24:11+05:00 [INFO] (codacy-cli-v2/cli-v2.go:27) Starting Codacy CLI version=1.0.0-main.358.sha.7cb05d0 (7cb05d0) built at 2025-09-19T09:27:42Z
2025-10-13T13:24:11+05:00 [INFO] (codacy-cli-v2/cmd/root.go:34) Executing CLI command command=analyze full_command=[/home/mentee/.cache/codacy/codacy-cli-v2/1.0.0-main.358.sha.7cb05d0/codacy-cli-v2 analyze /mnt/h/Code/MENTEE/ GITHUB/ CONTRIBUTION/ML-METHODS/.gitignore --format sarif] args=[/mnt/h/Code/MENTEE/ GITHUB/ CONTRIBUTION/ML-METHODS/.gitignore]
2025-10-13T13:24:11+05:00 [ERROR] (codacy-cli-v2/cmd/analyze.go:449) Analysis failed because path does not exist path=GITHUB/
2025-10-13T13:24:16+05:00 [INFO] (codacy-cli-v2/cli-v2.go:27) Starting Codacy CLI version=1.0.0-main.358.sha.7cb05d0 (7cb05d0) built at 2025-09-19T09:27:42Z
2025-10-13T13:24:16+05:00 [INFO] (codacy-cli-v2/cmd/root.go:34) Executing CLI command args=[/mnt/h/Code/MENTEE/ GITHUB/ CONTRIBUTION/ML-METHODS/.gitignore] command=analyze full_command=[/home/mentee/.cache/codacy/codacy-cli-v2/1.0.0-main.358.sha.7cb05d0/codacy-cli-v2 analyze /mnt/h/Code/MENTEE/ GITHUB/ CONTRIBUTION/ML-METHODS/.gitignore --format sarif]
2025-10-13T13:24:16+05:00 [ERROR] (codacy-cli-v2/cmd/analyze.go:449) Analysis failed because path does not exist path=GITHUB/
2025-10-13T13:24:24+05:00 [INFO] (codacy-cli-v2/cli-v2.go:27) Starting Codacy CLI version=1.0.0-main.358.sha.7cb05d0 (7cb05d0) built at 2025-09-19T09:27:42Z
2025-10-13T13:24:24+05:00 [INFO] (codacy-cli-v2/cmd/root.go:34) Executing CLI command command=analyze full_command=[/home/mentee/.cache/codacy/codacy-cli-v2/1.0.0-main.358.sha.7cb05d0/codacy-cli-v2 analyze /mnt/h/Code/MENTEE/ GITHUB/ CONTRIBUTION/ML-METHODS/.gitignore --format sarif] args=[/mnt/h/Code/MENTEE/ GITHUB/ CONTRIBUTION/ML-METHODS/.gitignore]
2025-10-13T13:24:24+05:00 [ERROR] (codacy-cli-v2/cmd/analyze.go:449) Analysis failed because path does not exist path=GITHUB/
2025-10-13T13:26:33+05:00 [INFO] (codacy-cli-v2/cli-v2.go:27) Starting Codacy CLI version=1.0.0-main.358.sha.7cb05d0 (7cb05d0) built at 2025-09-19T09:27:42Z
2025-10-13T13:26:34+05:00 [INFO] (codacy-cli-v2/cmd/root.go:34) Executing CLI command args=[/mnt/h/Code/MENTEE/ GITHUB/ CONTRIBUTION/ML-METHODS/verify_pixel_days.py] command=analyze full_command=[/home/mentee/.cache/codacy/codacy-cli-v2/1.0.0-main.358.sha.7cb05d0/codacy-cli-v2 analyze /mnt/h/Code/MENTEE/ GITHUB/ CONTRIBUTION/ML-METHODS/verify_pixel_days.py --format sarif]
2025-10-13T13:26:34+05:00 [ERROR] (codacy-cli-v2/cmd/analyze.go:449) Analysis failed because path does not exist path=GITHUB/
2025-10-13T13:27:02+05:00 [INFO] (codacy-cli-v2/cli-v2.go:27) Starting Codacy CLI version=1.0.0-main.358.sha.7cb05d0 (7cb05d0) built at 2025-09-19T09:27:42Z
2025-10-13T13:27:02+05:00 [INFO] (codacy-cli-v2/cmd/root.go:34) Executing CLI command command=analyze full_command=[/home/mentee/.cache/codacy/codacy-cli-v2/1.0.0-main.358.sha.7cb05d0/codacy-cli-v2 analyze /mnt/h/Code/MENTEE/ GITHUB/ CONTRIBUTION/ML-METHODS/ml_methods.txt --format sarif] args=[/mnt/h/Code/MENTEE/ GITHUB/ CONTRIBUTION/ML-METHODS/ml_methods.txt]
2025-10-13T13:27:02+05:00 [ERROR] (codacy-cli-v2/cmd/analyze.go:449) Analysis failed because path does not exist path=GITHUB/
2025-10-13T13:28:00+05:00 [INFO] (codacy-cli-v2/cli-v2.go:27) Starting Codacy CLI version=1.0.0-main.358.sha.7cb05d0 (7cb05d0) built at 2025-09-19T09:27:42Z
2025-10-13T13:28:00+05:00 [INFO] (codacy-cli-v2/cmd/root.go:34) Executing CLI command full_command=[/home/mentee/.cache/codacy/codacy-cli-v2/1.0.0-main.358.sha.7cb05d0/codacy-cli-v2 analyze /mnt/h/Code/MENTEE/ GITHUB/ CONTRIBUTION/ML-METHODS/generate_future_pixel_days.py --format sarif] args=[/mnt/h/Code/MENTEE/ GITHUB/ CONTRIBUTION/ML-METHODS/generate_future_pixel_days.py] command=analyze
2025-10-13T13:28:00+05:00 [ERROR] (codacy-cli-v2/cmd/analyze.go:449) Analysis failed because path does not exist path=GITHUB/
2025-10-13T13:28:00+05:00 [INFO] (codacy-cli-v2/cli-v2.go:27) Starting Codacy CLI version=1.0.0-main.358.sha.7cb05d0 (7cb05d0) built at 2025-09-19T09:27:42Z
2025-10-13T13:28:00+05:00 [INFO] (codacy-cli-v2/cmd/root.go:34) Executing CLI command args=[/mnt/h/Code/MENTEE/ GITHUB/ CONTRIBUTION/ML-METHODS/generate_future_pixel_days.py] command=analyze full_command=[/home/mentee/.cache/codacy/codacy-cli-v2/1.0.0-main.358.sha.7cb05d0/codacy-cli-v2 analyze /mnt/h/Code/MENTEE/ GITHUB/ CONTRIBUTION/ML-METHODS/generate_future_pixel_days.py --format sarif]
2025-10-13T13:28:00+05:00 [ERROR] (codacy-cli-v2/cmd/analyze.go:449) Analysis failed because path does not exist path=GITHUB/
2025-10-13T13:28:06+05:00 [INFO] (codacy-cli-v2/cli-v2.go:27) Starting Codacy CLI version=1.0.0-main.358.sha.7cb05d0 (7cb05d0) built at 2025-09-19T09:27:42Z
2025-10-13T13:28:06+05:00 [INFO] (codacy-cli-v2/cmd/root.go:34) Executing CLI command args=[/mnt/h/Code/MENTEE/ GITHUB/ CONTRIBUTION/ML-METHODS/pixel_days.json] command=analyze full_command=[/home/mentee/.cache/codacy/codacy-cli-v2/1.0.0-main.358.sha.7cb05d0/codacy-cli-v2 analyze /mnt/h/Code/MENTEE/ GITHUB/ CONTRIBUTION/ML-METHODS/pixel_days.json --format sarif]
2025-10-13T13:28:06+05:00 [ERROR] (codacy-cli-v2/cmd/analyze.go:449) Analysis failed because path does not exist path=GITHUB/
2025-10-13T13:28:20+05:00 [INFO] (codacy-cli-v2/cli-v2.go:27) Starting Codacy CLI version=1.0.0-main.358.sha.7cb05d0 (7cb05d0) built at 2025-09-19T09:27:42Z
2025-10-13T13:28:20+05:00 [INFO] (codacy-cli-v2/cmd/root.go:34) Executing CLI command command=analyze full_command=[/home/mentee/.cache/codacy/codacy-cli-v2/1.0.0-main.358.sha.7cb05d0/codacy-cli-v2 analyze /mnt/h/Code/MENTEE/ GITHUB/ CONTRIBUTION/ML-METHODS/verify_pixel_days.py --format sarif] args=[/mnt/h/Code/MENTEE/ GITHUB/ CONTRIBUTION/ML-METHODS/verify_pixel_days.py]
2025-10-13T13:28:20+05:00 [ERROR] (codacy-cli-v2/cmd/analyze.go:449) Analysis failed because path does not exist path=GITHUB/
2025-10-13T13:28:25+05:00 [INFO] (codacy-cli-v2/cli-v2.go:27) Starting Codacy CLI version=1.0.0-main.358.sha.7cb05d0 (7cb05d0) built at 2025-09-19T09:27:42Z
2025-10-13T13:28:25+05:00 [INFO] (codacy-cli-v2/cmd/root.go:34) Executing CLI command args=[/mnt/h/Code/MENTEE/ GITHUB/ CONTRIBUTION/ML-METHODS/pixel_days.json] command=analyze full_command=[/home/mentee/.cache/codacy/codacy-cli-v2/1.0.0-main.358.sha.7cb05d0/codacy-cli-v2 analyze /mnt/h/Code/MENTEE/ GITHUB/ CONTRIBUTION/ML-METHODS/pixel_days.json --format sarif]
2025-10-13T13:28:25+05:00 [ERROR] (codacy-cli-v2/cmd/analyze.go:449) Analysis failed because path does not exist path=GITHUB/
2025-10-13T13:28:33+05:00 [INFO] (codacy-cli-v2/cli-v2.go:27) Starting Codacy CLI version=1.0.0-main.358.sha.7cb05d0 (7cb05d0) built at 2025-09-19T09:27:42Z
2025-10-13T13:28:33+05:00 [INFO] (codacy-cli-v2/cmd/root.go:34) Executing CLI command command=analyze full_command=[/home/mentee/.cache/codacy/codacy-cli-v2/1.0.0-main.358.sha.7cb05d0/codacy-cli-v2 analyze /mnt/h/Code/MENTEE/ GITHUB/ CONTRIBUTION/ML-METHODS/commit_if_pixel_day.py --format sarif] args=[/mnt/h/Code/MENTEE/ GITHUB/ CONTRIBUTION/ML-METHODS/commit_if_pixel_day.py]
2025-10-13T13:28:33+05:00 [ERROR] (codacy-cli-v2/cmd/analyze.go:449) Analysis failed because path does not exist path=GITHUB/
2025-10-13T13:28:36+05:00 [INFO] (codacy-cli-v2/cli-v2.go:27) Starting Codacy CLI version=1.0.0-main.358.sha.7cb05d0 (7cb05d0) built at 2025-09-19T09:27:42Z
2025-10-13T13:28:36+05:00 [INFO] (codacy-cli-v2/cmd/root.go:34) Executing CLI command args=[/mnt/h/Code/MENTEE/ GITHUB/ CONTRIBUTION/ML-METHODS/commit_if_pixel_day.py] command=analyze full_command=[/home/mentee/.cache/codacy/codacy-cli-v2/1.0.0-main.358.sha.7cb05d0/codacy-cli-v2 analyze /mnt/h/Code/MENTEE/ GITHUB/ CONTRIBUTION/ML-METHODS/commit_if_pixel_day.py --format sarif]
2025-10-13T13:28:36+05:00 [ERROR] (codacy-cli-v2/cmd/analyze.go:449) Analysis failed because path does not exist path=GITHUB/
2025-10-13T13:28:40+05:00 [INFO] (codacy-cli-v2/cli-v2.go:27) Starting Codacy CLI version=1.0.0-main.358.sha.7cb05d0 (7cb05d0) built at 2025-09-19T09:27:42Z
2025-10-13T13:28:40+05:00 [INFO] (codacy-cli-v2/cmd/root.go:34) Executing CLI command command=analyze full_command=[/home/mentee/.cache/codacy/codacy-cli-v2/1.0.0-main.358.sha.7cb05d0/codacy-cli-v2 analyze /mnt/h/Code/MENTEE/ GITHUB/ CONTRIBUTION/ML-METHODS/.github/workflows/daily.yml --format sarif] args=[/mnt/h/Code/MENTEE/ GITHUB/ CONTRIBUTION/ML-METHODS/.github/workflows/daily.yml]
2025-10-13T13:28:40+05:00 [ERROR] (codacy-cli-v2/cmd/analyze.go:449) Analysis failed because path does not exist path=GITHUB/
2025-10-13T13:28:47+05:00 [INFO] (codacy-cli-v2/cli-v2.go:27) Starting Codacy CLI version=1.0.0-main.358.sha.7cb05d0 (7cb05d0) built at 2025-09-19T09:27:42Z
2025-10-13T13:28:47+05:00 [INFO] (codacy-cli-v2/cmd/root.go:34) Executing CLI command command=analyze full_command=[/home/mentee/.cache/codacy/codacy-cli-v2/1.0.0-main.358.sha.7cb05d0/codacy-cli-v2 analyze /mnt/h/Code/MENTEE/ GITHUB/ CONTRIBUTION/ML-METHODS/.github/workflows/daily.yml --format sarif] args=[/mnt/h/Code/MENTEE/ GITHUB/ CONTRIBUTION/ML-METHODS/.github/workflows/daily.yml]
2025-10-13T13:28:47+05:00 [ERROR] (codacy-cli-v2/cmd/analyze.go:449) Analysis failed because path does not exist path=GITHUB/
2025-10-13T13:28:53+05:00 [INFO] (codacy-cli-v2/cli-v2.go:27) Starting Codacy CLI version=1.0.0-main.358.sha.7cb05d0 (7cb05d0) built at 2025-09-19T09:27:42Z
2025-10-13T13:28:53+05:00 [INFO] (codacy-cli-v2/cmd/root.go:34) Executing CLI command command=analyze full_command=[/home/mentee/.cache/codacy/codacy-cli-v2/1.0.0-main.358.sha.7cb05d0/codacy-cli-v2 analyze /mnt/h/Code/MENTEE/ GITHUB/ CONTRIBUTION/ML-METHODS/pixel_days.json --format sarif] args=[/mnt/h/Code/MENTEE/ GITHUB/ CONTRIBUTION/ML-METHODS/pixel_days.json]
2025-10-13T13:28:53+05:00 [ERROR] (codacy-cli-v2/cmd/analyze.go:449) Analysis failed because path does not exist path=GITHUB/
